Build started 2013-06-28 14:08:16.
     1>Project "C:\Users\tim\AcceleratedCpp\3-0\3-0\3-0.vcxproj" on node 2 (Build target(s)).
     1>ClCompile:
         D:\Visualstudio\VC\bin\CL.exe /c /ZI /nologo /W3 /WX- /Od /Oy- /D _MBCS /Gm /EHsc /RTC1 /MDd /GS /fp:precise /Zc:wchar_t /Zc:forScope /Fo"Debug\\" /Fd"Debug\vc110.pdb" /Gd /TP /analyze- /errorReport:prompt Source.cpp
         Source.cpp
       Link:
         D:\Visualstudio\VC\bin\link.exe /ERRORREPORT:PROMPT /OUT:"C:\Users\tim\AcceleratedCpp\3-0\Debug\3-0.exe" /INCREMENTAL /NOLOGO kernel32.lib user32.lib gdi32.lib winspool.lib comdlg32.lib advapi32.lib shell32.lib ole32.lib oleaut32.lib uuid.lib odbc32.lib odbccp32.lib /MANIFEST /MANIFESTUAC:"level='asInvoker' uiAccess='false'" /manifest:embed /DEBUG /PDB:"C:\Users\tim\AcceleratedCpp\3-0\Debug\3-0.pdb" /TLBID:1 /DYNAMICBASE /NXCOMPAT /IMPLIB:"C:\Users\tim\AcceleratedCpp\3-0\Debug\3-0.lib" /MACHINE:X86 Debug\Source.obj
     1>LINK : fatal error LNK1104: cannot open file 'C:\Users\tim\AcceleratedCpp\3-0\Debug\3-0.exe'
     1>Done Building Project "C:\Users\tim\AcceleratedCpp\3-0\3-0\3-0.vcxproj" (Build target(s)) -- FAILED.

Build FAILED.

Time Elapsed 00:00:00.70
